1:signal-handler (1755018257) Received SIGTERM scheduling shutdown...
1:M 13 Aug 2025 01:04:17.665 * User requested shutdown...
1:M 13 Aug 2025 01:04:17.666 * Saving the final RDB snapshot before exiting.
1:M 13 Aug 2025 01:04:17.670 * DB saved on disk
1:M 13 Aug 2025 01:04:17.671 * Removing the pid file.
1:M 13 Aug 2025 01:04:17.672 # Redis is now ready to exit, bye bye...
1:C 13 Aug 2025 01:04:20.122 * oO0OoO0OoO0Oo Redis is starting oO0OoO0OoO0Oo
1:C 13 Aug 2025 01:04:20.124 * Redis version=8.2.0, bits=64, commit=00000000, modified=1, pid=1, just started
1:C 13 Aug 2025 01:04:20.125 * Configuration loaded
1:M 13 Aug 2025 01:04:20.126 * monotonic clock: POSIX clock_gettime
1:M 13 Aug 2025 01:04:20.130 # Failed to write PID file: No such file or directory
1:M 13 Aug 2025 01:04:20.132 * Running mode=standalone, port=6379.
1:M 13 Aug 2025 01:04:20.134 * <bf> RedisBloom version 8.2.0 (Git=unknown)
1:M 13 Aug 2025 01:04:20.135 * <bf> Registering configuration options: [
1:M 13 Aug 2025 01:04:20.139 * <bf> 	{ bf-error-rate       :      0.01 }
1:M 13 Aug 2025 01:04:20.146 * <bf> 	{ bf-initial-size     :       100 }
1:M 13 Aug 2025 01:04:20.149 * <bf> 	{ bf-expansion-factor :         2 }
1:M 13 Aug 2025 01:04:20.151 * <bf> 	{ cf-bucket-size      :         2 }
1:M 13 Aug 2025 01:04:20.153 * <bf> 	{ cf-initial-size     :      1024 }
1:M 13 Aug 2025 01:04:20.154 * <bf> 	{ cf-max-iterations   :        20 }
1:M 13 Aug 2025 01:04:20.157 * <bf> 	{ cf-expansion-factor :         1 }
1:M 13 Aug 2025 01:04:20.159 * <bf> 	{ cf-max-expansions   :        32 }
1:M 13 Aug 2025 01:04:20.162 * <bf> ]
1:M 13 Aug 2025 01:04:20.165 * Module 'bf' loaded from /usr/local/lib/redis/modules//redisbloom.so
1:M 13 Aug 2025 01:04:20.184 * <search> Redis version found by RedisSearch : 8.2.0 - oss
1:M 13 Aug 2025 01:04:20.189 * <search> RediSearch version 8.2.0 (Git=d81ebce)
1:M 13 Aug 2025 01:04:20.193 * <search> Low level api version 1 initialized successfully
1:M 13 Aug 2025 01:04:20.203 * <search> gc: ON, prefix min length: 2, min word length to stem: 4, prefix max expansions: 200, query timeout (ms): 500, timeout policy: return, cursor read size: 1000, cursor max idle (ms): 300000, max doctable size: 1000000, max number of search results:  1000000, 
1:M 13 Aug 2025 01:04:20.228 * <search> Initialized thread pools!
1:M 13 Aug 2025 01:04:20.239 * <search> Disabled workers threadpool of size 0
1:M 13 Aug 2025 01:04:20.243 * <search> Subscribe to config changes
1:M 13 Aug 2025 01:04:20.248 * <search> Enabled role change notification
1:M 13 Aug 2025 01:04:20.251 * <search> Cluster configuration: AUTO partitions, type: 0, coordinator timeout: 0ms
1:M 13 Aug 2025 01:04:20.254 * <search> Register write commands
1:M 13 Aug 2025 01:04:20.255 * Module 'search' loaded from /usr/local/lib/redis/modules//redisearch.so
1:M 13 Aug 2025 01:04:20.257 * <timeseries> RedisTimeSeries version 80200, git_sha=1439d4a439ca9c063e6ef124a510abff09a5d493
1:M 13 Aug 2025 01:04:20.259 * <timeseries> Redis version found by RedisTimeSeries : 8.2.0 - oss
1:M 13 Aug 2025 01:04:20.261 * <timeseries> Registering configuration options: [
1:M 13 Aug 2025 01:04:20.266 * <timeseries> 	{ ts-compaction-policy   :              }
1:M 13 Aug 2025 01:04:20.268 * <timeseries> 	{ ts-num-threads         :            3 }
1:M 13 Aug 2025 01:04:20.271 * <timeseries> 	{ ts-retention-policy    :            0 }
1:M 13 Aug 2025 01:04:20.273 * <timeseries> 	{ ts-duplicate-policy    :        block }
1:M 13 Aug 2025 01:04:20.274 * <timeseries> 	{ ts-chunk-size-bytes    :         4096 }
1:M 13 Aug 2025 01:04:20.277 * <timeseries> 	{ ts-encoding            :   compressed }
1:M 13 Aug 2025 01:04:20.281 * <timeseries> 	{ ts-ignore-max-time-diff:            0 }
1:M 13 Aug 2025 01:04:20.283 * <timeseries> 	{ ts-ignore-max-val-diff :     0.000000 }
1:M 13 Aug 2025 01:04:20.285 * <timeseries> ]
1:M 13 Aug 2025 01:04:20.286 * <timeseries> Detected redis oss
1:M 13 Aug 2025 01:04:20.288 * <timeseries> Enabled diskless replication
1:M 13 Aug 2025 01:04:20.290 * Module 'timeseries' loaded from /usr/local/lib/redis/modules//redistimeseries.so
1:M 13 Aug 2025 01:04:20.293 * <ReJSON> Created new data type 'ReJSON-RL'
1:M 13 Aug 2025 01:04:20.294 * <ReJSON> version: 80200 git sha: unknown branch: unknown
1:M 13 Aug 2025 01:04:20.299 * <ReJSON> Exported RedisJSON_V1 API
1:M 13 Aug 2025 01:04:20.299 * <ReJSON> Exported RedisJSON_V2 API
1:M 13 Aug 2025 01:04:20.302 * <ReJSON> Exported RedisJSON_V3 API
1:M 13 Aug 2025 01:04:20.303 * <ReJSON> Exported RedisJSON_V4 API
1:M 13 Aug 2025 01:04:20.304 * <ReJSON> Exported RedisJSON_V5 API
1:M 13 Aug 2025 01:04:20.306 * <ReJSON> Enabled diskless replication
1:M 13 Aug 2025 01:04:20.307 * <ReJSON> Initialized shared string cache, thread safe: false.
1:M 13 Aug 2025 01:04:20.309 * Module 'ReJSON' loaded from /usr/local/lib/redis/modules//rejson.so
1:M 13 Aug 2025 01:04:20.311 * <search> Acquired RedisJSON_V5 API
1:M 13 Aug 2025 01:04:20.314 * Server initialized
1:M 13 Aug 2025 01:04:20.316 * <search> Loading event starts
1:M 13 Aug 2025 01:04:20.318 * <search> Enabled workers threadpool of size 4
1:M 13 Aug 2025 01:04:20.321 * Loading RDB produced by version 8.2.0
1:M 13 Aug 2025 01:04:20.323 * RDB age 3 seconds
1:M 13 Aug 2025 01:04:20.326 * RDB memory usage when created 0.92 Mb
1:M 13 Aug 2025 01:04:20.327 * Done loading RDB, keys loaded: 0, keys expired: 0.
1:M 13 Aug 2025 01:04:20.331 * <search> Disabled workers threadpool of size 4
1:M 13 Aug 2025 01:04:20.333 * <search> Loading event ends
1:M 13 Aug 2025 01:04:20.337 * DB loaded from disk: 0.021 seconds
1:M 13 Aug 2025 01:04:20.338 * Ready to accept connections tcp
